2017-07-02 00:32:40 [main] INFO  com.firstTaste.crm.ServerStarter  - Starting ServerStarter on yinwenjie-PC with PID 4796 (H:\firstTasteWorkspace\TasteService\target\classes started by yinwenjie in H:\firstTasteWorkspace\TasteService)
2017-07-02 00:32:40 [main] INFO  com.firstTaste.crm.ServerStarter  - No active profile set, falling back to default profiles: default
2017-07-02 00:32:40 [main] INFO  o.s.b.c.e.AnnotationConfigEmbeddedWebApplicationContext  - Refreshing org.springframework.boot.context.embedded.AnnotationConfigEmbeddedWebApplicationContext@41709512: startup date [Sun Jul 02 00:32:40 CST 2017]; root of context hierarchy
2017-07-02 00:32:41 [background-preinit] INFO  o.h.validator.internal.util.Version  - HV000001: Hibernate Validator 5.3.4.Final
2017-07-02 00:32:42 [main] INFO  o.s.c.s.PostProcessorRegistrationDelegate$BeanPostProcessorChecker  - Bean 'org.springframework.transaction.annotation.ProxyTransactionManagementConfiguration' of type [org.springframework.transaction.annotation.ProxyTransactionManagementConfiguration$$EnhancerBySpringCGLIB$$78fc1396] is not eligible for getting processed by all BeanPostProcessors (for example: not eligible for auto-proxying)
2017-07-02 00:32:42 [main] INFO  o.s.b.c.e.t.TomcatEmbeddedServletContainer  - Tomcat initialized with port(s): 8080 (http)
2017-07-02 00:32:42 [main] INFO  o.a.catalina.core.StandardService  - Starting service Tomcat
2017-07-02 00:32:42 [main] INFO  o.a.catalina.core.StandardEngine  - Starting Servlet Engine: Apache Tomcat/8.5.11
2017-07-02 00:32:42 [localhost-startStop-1] WARN  o.a.t.util.scan.StandardJarScanner  - Failed to scan [file:/C:/Users/yinwenjie/.m2/repository/mysql/mysql-connector-java/5.1.41/mysql-connector-java-5.1.41.jar] from classloader hierarchy
java.util.zip.ZipException: invalid LOC header (bad signature)
	at java.util.zip.ZipFile.read(Native Method)
	at java.util.zip.ZipFile.access$1400(Unknown Source)
	at java.util.zip.ZipFile$ZipFileInputStream.read(Unknown Source)
	at java.util.zip.ZipFile$ZipFileInflaterInputStream.fill(Unknown Source)
	at java.util.zip.InflaterInputStream.read(Unknown Source)
	at sun.misc.IOUtils.readFully(Unknown Source)
	at java.util.jar.JarFile.getBytes(Unknown Source)
	at java.util.jar.JarFile.getManifestFromReference(Unknown Source)
	at java.util.jar.JarFile.getManifest(Unknown Source)
	at org.apache.tomcat.util.scan.JarFileUrlJar.getManifest(JarFileUrlJar.java:151)
	at org.apache.tomcat.util.scan.StandardJarScanner.processManifest(StandardJarScanner.java:387)
	at org.apache.tomcat.util.scan.StandardJarScanner.process(StandardJarScanner.java:340)
	at org.apache.tomcat.util.scan.StandardJarScanner.scan(StandardJarScanner.java:288)
	at org.apache.jasper.servlet.TldScanner.scanJars(TldScanner.java:262)
	at org.apache.jasper.servlet.TldScanner.scan(TldScanner.java:104)
	at org.apache.jasper.servlet.JasperInitializer.onStartup(JasperInitializer.java:101)
	at org.apache.catalina.core.StandardContext.startInternal(StandardContext.java:5178)
	at org.apache.catalina.util.LifecycleBase.start(LifecycleBase.java:150)
	at org.apache.catalina.core.ContainerBase$StartChild.call(ContainerBase.java:1419)
	at org.apache.catalina.core.ContainerBase$StartChild.call(ContainerBase.java:1409)
	at java.util.concurrent.FutureTask.run(Unknown Source)
	at java.util.concurrent.ThreadPoolExecutor.runWorker(Unknown Source)
	at java.util.concurrent.ThreadPoolExecutor$Worker.run(Unknown Source)
	at java.lang.Thread.run(Unknown Source)
2017-07-02 00:32:43 [localhost-startStop-1] INFO  org.apache.jasper.servlet.TldScanner  - At least one JAR was scanned for TLDs yet contained no TLDs. Enable debug logging for this logger for a complete list of JARs that were scanned but no TLDs were found in them. Skipping unneeded JARs during scanning can improve startup time and JSP compilation time.
2017-07-02 00:32:43 [localhost-startStop-1] INFO  o.a.c.c.C.[Tomcat].[localhost].[/]  - Initializing Spring embedded WebApplicationContext
2017-07-02 00:32:43 [localhost-startStop-1] INFO  o.s.web.context.ContextLoader  - Root WebApplicationContext: initialization completed in 2033 ms
2017-07-02 00:32:43 [localhost-startStop-1] INFO  o.s.b.w.s.ServletRegistrationBean  - Mapping servlet: 'dispatcherServlet' to [/]
2017-07-02 00:32:43 [localhost-startStop-1] INFO  o.s.b.w.s.FilterRegistrationBean  - Mapping filter: 'characterEncodingFilter' to: [/*]
2017-07-02 00:32:43 [localhost-startStop-1] INFO  o.s.b.w.s.FilterRegistrationBean  - Mapping filter: 'hiddenHttpMethodFilter' to: [/*]
2017-07-02 00:32:43 [localhost-startStop-1] INFO  o.s.b.w.s.FilterRegistrationBean  - Mapping filter: 'httpPutFormContentFilter' to: [/*]
2017-07-02 00:32:43 [localhost-startStop-1] INFO  o.s.b.w.s.FilterRegistrationBean  - Mapping filter: 'requestContextFilter' to: [/*]
2017-07-02 00:32:43 [main] WARN  o.s.b.c.e.AnnotationConfigEmbeddedWebApplicationContext  - Exception encountered during context initialization - cancelling refresh attempt: org.springframework.beans.factory.UnsatisfiedDependencyException: Error creating bean with name 'org.springframework.boot.autoconfigure.orm.jpa.HibernateJpaAutoConfiguration': Unsatisfied dependency expressed through constructor parameter 0; nested exception is org.springframework.beans.factory.BeanCreationException: Error creating bean with name 'dataSource' defined in class path resource [org/springframework/boot/autoconfigure/jdbc/DataSourceConfiguration$Generic.class]: Bean instantiation via factory method failed; nested exception is org.springframework.beans.BeanInstantiationException: Failed to instantiate [javax.sql.DataSource]: Factory method 'dataSource' threw exception; nested exception is java.lang.IllegalStateException: Cannot load driver class: com.mysql.jdbc.Driver
2017-07-02 00:32:43 [main] INFO  o.a.catalina.core.StandardService  - Stopping service Tomcat
2017-07-02 00:32:43 [main] INFO  o.s.b.a.l.AutoConfigurationReportLoggingInitializer  - 

Error starting ApplicationContext. To display the auto-configuration report re-run your application with 'debug' enabled.
2017-07-02 00:32:43 [main] ERROR o.s.boot.SpringApplication  - Application startup failed
org.springframework.beans.factory.UnsatisfiedDependencyException: Error creating bean with name 'org.springframework.boot.autoconfigure.orm.jpa.HibernateJpaAutoConfiguration': Unsatisfied dependency expressed through constructor parameter 0; nested exception is org.springframework.beans.factory.BeanCreationException: Error creating bean with name 'dataSource' defined in class path resource [org/springframework/boot/autoconfigure/jdbc/DataSourceConfiguration$Generic.class]: Bean instantiation via factory method failed; nested exception is org.springframework.beans.BeanInstantiationException: Failed to instantiate [javax.sql.DataSource]: Factory method 'dataSource' threw exception; nested exception is java.lang.IllegalStateException: Cannot load driver class: com.mysql.jdbc.Driver
	at org.springframework.beans.factory.support.ConstructorResolver.createArgumentArray(ConstructorResolver.java:749)
	at org.springframework.beans.factory.support.ConstructorResolver.autowireConstructor(ConstructorResolver.java:189)
	at org.springframework.beans.factory.support.AbstractAutowireCapableBeanFactory.autowireConstructor(AbstractAutowireCapableBeanFactory.java:1193)
	at org.springframework.beans.factory.support.AbstractAutowireCapableBeanFactory.createBeanInstance(AbstractAutowireCapableBeanFactory.java:1095)
	at org.springframework.beans.factory.support.AbstractAutowireCapableBeanFactory.doCreateBean(AbstractAutowireCapableBeanFactory.java:513)
	at org.springframework.beans.factory.support.AbstractAutowireCapableBeanFactory.createBean(AbstractAutowireCapableBeanFactory.java:483)
	at org.springframework.beans.factory.support.AbstractBeanFactory$1.getObject(AbstractBeanFactory.java:306)
	at org.springframework.beans.factory.support.DefaultSingletonBeanRegistry.getSingleton(DefaultSingletonBeanRegistry.java:230)
	at org.springframework.beans.factory.support.AbstractBeanFactory.doGetBean(AbstractBeanFactory.java:302)
	at org.springframework.beans.factory.support.AbstractBeanFactory.getBean(AbstractBeanFactory.java:197)
	at org.springframework.beans.factory.support.ConstructorResolver.instantiateUsingFactoryMethod(ConstructorResolver.java:372)
	at org.springframework.beans.factory.support.AbstractAutowireCapableBeanFactory.instantiateUsingFactoryMethod(AbstractAutowireCapableBeanFactory.java:1173)
	at org.springframework.beans.factory.support.AbstractAutowireCapableBeanFactory.createBeanInstance(AbstractAutowireCapableBeanFactory.java:1067)
	at org.springframework.beans.factory.support.AbstractAutowireCapableBeanFactory.doCreateBean(AbstractAutowireCapableBeanFactory.java:513)
	at org.springframework.beans.factory.support.AbstractAutowireCapableBeanFactory.createBean(AbstractAutowireCapableBeanFactory.java:483)
	at org.springframework.beans.factory.support.AbstractBeanFactory$1.getObject(AbstractBeanFactory.java:306)
	at org.springframework.beans.factory.support.DefaultSingletonBeanRegistry.getSingleton(DefaultSingletonBeanRegistry.java:230)
	at org.springframework.beans.factory.support.AbstractBeanFactory.doGetBean(AbstractBeanFactory.java:302)
	at org.springframework.beans.factory.support.AbstractBeanFactory.getBean(AbstractBeanFactory.java:197)
	at org.springframework.context.support.AbstractApplicationContext.getBean(AbstractApplicationContext.java:1081)
	at org.springframework.context.support.AbstractApplicationContext.finishBeanFactoryInitialization(AbstractApplicationContext.java:856)
	at org.springframework.context.support.AbstractApplicationContext.refresh(AbstractApplicationContext.java:542)
	at org.springframework.boot.context.embedded.EmbeddedWebApplicationContext.refresh(EmbeddedWebApplicationContext.java:122)
	at org.springframework.boot.SpringApplication.refresh(SpringApplication.java:737)
	at org.springframework.boot.SpringApplication.refreshContext(SpringApplication.java:370)
	at org.springframework.boot.SpringApplication.run(SpringApplication.java:314)
	at org.springframework.boot.SpringApplication.run(SpringApplication.java:1162)
	at org.springframework.boot.SpringApplication.run(SpringApplication.java:1151)
	at com.firstTaste.crm.ServerStarter.main(ServerStarter.java:18)
Caused by: org.springframework.beans.factory.BeanCreationException: Error creating bean with name 'dataSource' defined in class path resource [org/springframework/boot/autoconfigure/jdbc/DataSourceConfiguration$Generic.class]: Bean instantiation via factory method failed; nested exception is org.springframework.beans.BeanInstantiationException: Failed to instantiate [javax.sql.DataSource]: Factory method 'dataSource' threw exception; nested exception is java.lang.IllegalStateException: Cannot load driver class: com.mysql.jdbc.Driver
	at org.springframework.beans.factory.support.ConstructorResolver.instantiateUsingFactoryMethod(ConstructorResolver.java:599)
	at org.springframework.beans.factory.support.AbstractAutowireCapableBeanFactory.instantiateUsingFactoryMethod(AbstractAutowireCapableBeanFactory.java:1173)
	at org.springframework.beans.factory.support.AbstractAutowireCapableBeanFactory.createBeanInstance(AbstractAutowireCapableBeanFactory.java:1067)
	at org.springframework.beans.factory.support.AbstractAutowireCapableBeanFactory.doCreateBean(AbstractAutowireCapableBeanFactory.java:513)
	at org.springframework.beans.factory.support.AbstractAutowireCapableBeanFactory.createBean(AbstractAutowireCapableBeanFactory.java:483)
	at org.springframework.beans.factory.support.AbstractBeanFactory$1.getObject(AbstractBeanFactory.java:306)
	at org.springframework.beans.factory.support.DefaultSingletonBeanRegistry.getSingleton(DefaultSingletonBeanRegistry.java:230)
	at org.springframework.beans.factory.support.AbstractBeanFactory.doGetBean(AbstractBeanFactory.java:302)
	at org.springframework.beans.factory.support.AbstractBeanFactory.getBean(AbstractBeanFactory.java:202)
	at org.springframework.beans.factory.config.DependencyDescriptor.resolveCandidate(DependencyDescriptor.java:208)
	at org.springframework.beans.factory.support.DefaultListableBeanFactory.doResolveDependency(DefaultListableBeanFactory.java:1138)
	at org.springframework.beans.factory.support.DefaultListableBeanFactory.resolveDependency(DefaultListableBeanFactory.java:1066)
	at org.springframework.beans.factory.support.ConstructorResolver.resolveAutowiredArgument(ConstructorResolver.java:835)
	at org.springframework.beans.factory.support.ConstructorResolver.createArgumentArray(ConstructorResolver.java:741)
	... 28 common frames omitted
Caused by: org.springframework.beans.BeanInstantiationException: Failed to instantiate [javax.sql.DataSource]: Factory method 'dataSource' threw exception; nested exception is java.lang.IllegalStateException: Cannot load driver class: com.mysql.jdbc.Driver
	at org.springframework.beans.factory.support.SimpleInstantiationStrategy.instantiate(SimpleInstantiationStrategy.java:189)
	at org.springframework.beans.factory.support.ConstructorResolver.instantiateUsingFactoryMethod(ConstructorResolver.java:588)
	... 41 common frames omitted
Caused by: java.lang.IllegalStateException: Cannot load driver class: com.mysql.jdbc.Driver
	at org.springframework.util.Assert.state(Assert.java:70)
	at org.springframework.boot.autoconfigure.jdbc.DataSourceProperties.determineDriverClassName(DataSourceProperties.java:231)
	at org.springframework.boot.autoconfigure.jdbc.DataSourceProperties.initializeDataSourceBuilder(DataSourceProperties.java:183)
	at org.springframework.boot.autoconfigure.jdbc.DataSourceConfiguration$Generic.dataSource(DataSourceConfiguration.java:139)
	at sun.reflect.NativeMethodAccessorImpl.invoke0(Native Method)
	at sun.reflect.NativeMethodAccessorImpl.invoke(Unknown Source)
	at sun.reflect.DelegatingMethodAccessorImpl.invoke(Unknown Source)
	at java.lang.reflect.Method.invoke(Unknown Source)
	at org.springframework.beans.factory.support.SimpleInstantiationStrategy.instantiate(SimpleInstantiationStrategy.java:162)
	... 42 common frames omitted
2017-07-02 00:38:14 [main] INFO  com.firstTaste.crm.ServerStarter  - Starting ServerStarter on yinwenjie-PC with PID 5676 (H:\firstTasteWorkspace\TasteService\target\classes started by yinwenjie in H:\firstTasteWorkspace\TasteService)
2017-07-02 00:38:14 [main] INFO  com.firstTaste.crm.ServerStarter  - No active profile set, falling back to default profiles: default
2017-07-02 00:38:14 [main] INFO  o.s.b.c.e.AnnotationConfigEmbeddedWebApplicationContext  - Refreshing org.springframework.boot.context.embedded.AnnotationConfigEmbeddedWebApplicationContext@41709512: startup date [Sun Jul 02 00:38:14 CST 2017]; root of context hierarchy
2017-07-02 00:38:14 [background-preinit] INFO  o.h.validator.internal.util.Version  - HV000001: Hibernate Validator 5.3.4.Final
2017-07-02 00:38:15 [main] INFO  o.s.c.s.PostProcessorRegistrationDelegate$BeanPostProcessorChecker  - Bean 'org.springframework.transaction.annotation.ProxyTransactionManagementConfiguration' of type [org.springframework.transaction.annotation.ProxyTransactionManagementConfiguration$$EnhancerBySpringCGLIB$$173ab992] is not eligible for getting processed by all BeanPostProcessors (for example: not eligible for auto-proxying)
2017-07-02 00:38:15 [main] INFO  o.s.b.c.e.t.TomcatEmbeddedServletContainer  - Tomcat initialized with port(s): 8080 (http)
2017-07-02 00:38:15 [main] INFO  o.a.catalina.core.StandardService  - Starting service Tomcat
2017-07-02 00:38:15 [main] INFO  o.a.catalina.core.StandardEngine  - Starting Servlet Engine: Apache Tomcat/8.5.11
2017-07-02 00:38:16 [localhost-startStop-1] INFO  org.apache.jasper.servlet.TldScanner  - At least one JAR was scanned for TLDs yet contained no TLDs. Enable debug logging for this logger for a complete list of JARs that were scanned but no TLDs were found in them. Skipping unneeded JARs during scanning can improve startup time and JSP compilation time.
2017-07-02 00:38:16 [localhost-startStop-1] INFO  o.a.c.c.C.[Tomcat].[localhost].[/]  - Initializing Spring embedded WebApplicationContext
2017-07-02 00:38:16 [localhost-startStop-1] INFO  o.s.web.context.ContextLoader  - Root WebApplicationContext: initialization completed in 1963 ms
2017-07-02 00:38:16 [localhost-startStop-1] INFO  o.s.b.w.s.ServletRegistrationBean  - Mapping servlet: 'dispatcherServlet' to [/]
2017-07-02 00:38:16 [localhost-startStop-1] INFO  o.s.b.w.s.FilterRegistrationBean  - Mapping filter: 'characterEncodingFilter' to: [/*]
2017-07-02 00:38:16 [localhost-startStop-1] INFO  o.s.b.w.s.FilterRegistrationBean  - Mapping filter: 'hiddenHttpMethodFilter' to: [/*]
2017-07-02 00:38:16 [localhost-startStop-1] INFO  o.s.b.w.s.FilterRegistrationBean  - Mapping filter: 'httpPutFormContentFilter' to: [/*]
2017-07-02 00:38:16 [localhost-startStop-1] INFO  o.s.b.w.s.FilterRegistrationBean  - Mapping filter: 'requestContextFilter' to: [/*]
2017-07-02 00:38:16 [main] INFO  o.s.o.j.LocalContainerEntityManagerFactoryBean  - Building JPA container EntityManagerFactory for persistence unit 'default'
2017-07-02 00:38:16 [main] INFO  o.h.jpa.internal.util.LogHelper  - HHH000204: Processing PersistenceUnitInfo [
	name: default
	...]
2017-07-02 00:38:16 [main] INFO  org.hibernate.Version  - HHH000412: Hibernate Core {5.0.12.Final}
2017-07-02 00:38:16 [main] INFO  org.hibernate.cfg.Environment  - HHH000206: hibernate.properties not found
2017-07-02 00:38:16 [main] INFO  org.hibernate.cfg.Environment  - HHH000021: Bytecode provider name : javassist
2017-07-02 00:38:16 [main] INFO  o.h.annotations.common.Version  - HCANN000001: Hibernate Commons Annotations {5.0.1.Final}
2017-07-02 00:38:17 [main] INFO  c.alibaba.druid.pool.DruidDataSource  - {dataSource-1} inited
2017-07-02 00:38:17 [main] INFO  org.hibernate.dialect.Dialect  - HHH000400: Using dialect: org.hibernate.dialect.MySQL5Dialect
2017-07-02 00:38:18 [main] INFO  o.h.tool.hbm2ddl.SchemaUpdate  - HHH000228: Running hbm2ddl schema update
2017-07-02 00:38:18 [main] INFO  o.h.t.s.e.i.InformationExtractorJdbcDatabaseMetaDataImpl  - HHH000262: Table not found: crm_commodity
2017-07-02 00:38:18 [main] INFO  o.h.t.s.e.i.InformationExtractorJdbcDatabaseMetaDataImpl  - HHH000262: Table not found: crm_commodity
2017-07-02 00:38:18 [main] INFO  o.h.t.s.e.i.InformationExtractorJdbcDatabaseMetaDataImpl  - HHH000262: Table not found: crm_customerinfo
2017-07-02 00:38:18 [main] INFO  o.h.t.s.e.i.InformationExtractorJdbcDatabaseMetaDataImpl  - HHH000262: Table not found: crm_customerinfo
2017-07-02 00:38:18 [main] INFO  o.h.t.s.e.i.InformationExtractorJdbcDatabaseMetaDataImpl  - HHH000262: Table not found: crm_orderinfo
2017-07-02 00:38:18 [main] INFO  o.h.t.s.e.i.InformationExtractorJdbcDatabaseMetaDataImpl  - HHH000262: Table not found: crm_orderinfo
2017-07-02 00:38:18 [main] INFO  o.h.t.s.e.i.InformationExtractorJdbcDatabaseMetaDataImpl  - HHH000262: Table not found: crm_supplierchannel
2017-07-02 00:38:18 [main] INFO  o.h.t.s.e.i.InformationExtractorJdbcDatabaseMetaDataImpl  - HHH000262: Table not found: crm_supplierchannel
2017-07-02 00:38:18 [main] INFO  o.h.t.s.e.i.InformationExtractorJdbcDatabaseMetaDataImpl  - HHH000262: Table not found: crm_workinfo
2017-07-02 00:38:18 [main] INFO  o.h.t.s.e.i.InformationExtractorJdbcDatabaseMetaDataImpl  - HHH000262: Table not found: crm_workinfo
2017-07-02 00:38:18 [main] INFO  o.s.o.j.LocalContainerEntityManagerFactoryBean  - Initialized JPA EntityManagerFactory for persistence unit 'default'
2017-07-02 00:38:19 [main] INFO  o.h.h.i.QueryTranslatorFactoryInitiator  - HHH000397: Using ASTQueryTranslatorFactory
2017-07-02 00:38:20 [main] INFO  o.s.w.s.m.m.a.RequestMappingHandlerAdapter  - Looking for @ControllerAdvice: org.springframework.boot.context.embedded.AnnotationConfigEmbeddedWebApplicationContext@41709512: startup date [Sun Jul 02 00:38:14 CST 2017]; root of context hierarchy
2017-07-02 00:38:20 [main] INFO  o.s.w.s.m.m.a.RequestMappingHandlerMapping  - Mapped "{[/customers],methods=[GET]}" onto public java.lang.String com.firstTaste.crm.controller.CustomerHttpController.pageView()
2017-07-02 00:38:20 [main] INFO  o.s.w.s.m.m.a.RequestMappingHandlerMapping  - Mapped "{[/index],methods=[GET]}" onto public org.springframework.web.servlet.ModelAndView com.firstTaste.crm.controller.IndexController.createCustomerInfo()
2017-07-02 00:38:20 [main] INFO  o.s.w.s.m.m.a.RequestMappingHandlerMapping  - Mapped "{[/orderinfos],methods=[GET]}" onto public java.lang.String com.firstTaste.crm.controller.OrderInfoHttpController.pageView()
2017-07-02 00:38:20 [main] INFO  o.s.w.s.m.m.a.RequestMappingHandlerMapping  - Mapped "{[/orderinfos/findByConditions],methods=[GET]}" onto public void com.firstTaste.crm.controller.OrderInfoHttpController.findByConditions(java.lang.String,java.lang.String,java.lang.String,java.lang.String,java.lang.String,javax.servlet.http.HttpServletResponse)
2017-07-02 00:38:20 [main] INFO  o.s.w.s.m.m.a.RequestMappingHandlerMapping  - Mapped "{[/v1/customers/getOne/{customerId}],methods=[GET]}" onto public com.firstTaste.crm.entity.CustomerInfoEntity com.firstTaste.crm.controller.restful.CustomerInfoController.findCustomerInfo(java.lang.String)
2017-07-02 00:38:20 [main] INFO  o.s.w.s.m.m.a.RequestMappingHandlerMapping  - Mapped "{[/v1/customers/conditions],methods=[GET]}" onto public java.util.List<com.firstTaste.crm.entity.CustomerInfoEntity> com.firstTaste.crm.controller.restful.CustomerInfoController.findCustomerInfo(java.lang.String,java.lang.String,java.lang.String)
2017-07-02 00:38:20 [main] INFO  o.s.w.s.m.m.a.RequestMappingHandlerMapping  - Mapped "{[/v1/customers],methods=[GET]}" onto public java.util.List<com.firstTaste.crm.entity.CustomerInfoEntity> com.firstTaste.crm.controller.restful.CustomerInfoController.findCustomerInfos()
2017-07-02 00:38:20 [main] INFO  o.s.w.s.m.m.a.RequestMappingHandlerMapping  - Mapped "{[/v1/customers],methods=[POST]}" onto public com.firstTaste.crm.entity.CustomerInfoEntity com.firstTaste.crm.controller.restful.CustomerInfoController.createCustomerInfo(com.firstTaste.crm.entity.CustomerInfoEntity)
2017-07-02 00:38:20 [main] INFO  o.s.w.s.m.m.a.RequestMappingHandlerMapping  - Mapped "{[/v1/orderinfos/One/{orderId}],methods=[GET]}" onto public com.firstTaste.crm.entity.OrderInfoEntity com.firstTaste.crm.controller.restful.OrderInfoController.findByOrderId(java.lang.String)
2017-07-02 00:38:20 [main] INFO  o.s.w.s.m.m.a.RequestMappingHandlerMapping  - Mapped "{[/v1/orderinfos/{customerId}],methods=[GET]}" onto public java.util.List<com.firstTaste.crm.entity.OrderInfoEntity> com.firstTaste.crm.controller.restful.OrderInfoController.findByCustomerId(java.lang.String)
2017-07-02 00:38:20 [main] INFO  o.s.w.s.m.m.a.RequestMappingHandlerMapping  - Mapped "{[/v1/orderinfos/delayWorkTime/{orderId}/{newDeliveryTime}],methods=[PATCH]}" onto public com.firstTaste.crm.entity.OrderInfoEntity com.firstTaste.crm.controller.restful.OrderInfoController.delayWorkTimeByOrderId(java.lang.String,java.lang.String) throws java.text.ParseException
2017-07-02 00:38:20 [main] INFO  o.s.w.s.m.m.a.RequestMappingHandlerMapping  - Mapped "{[/v1/orderinfos],methods=[PATCH]}" onto public com.firstTaste.crm.entity.OrderInfoEntity com.firstTaste.crm.controller.restful.OrderInfoController.upsertCustomerInfo(com.firstTaste.crm.entity.OrderInfoEntity)
2017-07-02 00:38:20 [main] INFO  o.s.w.s.m.m.a.RequestMappingHandlerMapping  - Mapped "{[/v1/orderinfos/updateOrderWorkNumber/{orderId}/{workNumber}],methods=[PATCH]}" onto public com.firstTaste.crm.entity.OrderInfoEntity com.firstTaste.crm.controller.restful.OrderInfoController.updateOrderWorkNumber(java.lang.String,java.lang.Integer)
2017-07-02 00:38:20 [main] INFO  o.s.w.s.m.m.a.RequestMappingHandlerMapping  - Mapped "{[/v1/orderinfos],methods=[POST]}" onto public com.firstTaste.crm.entity.OrderInfoEntity com.firstTaste.crm.controller.restful.OrderInfoController.createCustomerInfo(com.firstTaste.crm.entity.OrderInfoEntity)
2017-07-02 00:38:20 [main] INFO  o.s.w.s.m.m.a.RequestMappingHandlerMapping  - Mapped "{[/v1/workinfos/{orderInfoId}],methods=[GET]}" onto public java.util.List<com.firstTaste.crm.entity.WorkInfoEntity> com.firstTaste.crm.controller.restful.WorkInfoController.findByOrderId(java.lang.String)
2017-07-02 00:38:20 [main] INFO  o.s.w.s.m.m.a.RequestMappingHandlerMapping  - Mapped "{[/v1/workinfos/getone/{workInfoId}],methods=[GET]}" onto public com.firstTaste.crm.entity.WorkInfoEntity com.firstTaste.crm.controller.restful.WorkInfoController.findById(java.lang.String)
2017-07-02 00:38:20 [main] INFO  o.s.w.s.m.m.a.RequestMappingHandlerMapping  - Mapped "{[/v1/workinfos/done/{workInfoId}],methods=[POST]}" onto public com.firstTaste.crm.entity.WorkInfoEntity com.firstTaste.crm.controller.restful.WorkInfoController.doneWorkInfo(java.lang.String)
2017-07-02 00:38:20 [main] INFO  o.s.w.s.m.m.a.RequestMappingHandlerMapping  - Mapped "{[/v1/workinfos/findByDeliveryTime/{deliveryTime}],methods=[GET]}" onto public java.util.List<com.firstTaste.crm.entity.WorkInfoEntity> com.firstTaste.crm.controller.restful.WorkInfoController.findByDeliveryTime(java.lang.String) throws java.text.ParseException
2017-07-02 00:38:20 [main] INFO  o.s.w.s.m.m.a.RequestMappingHandlerMapping  - Mapped "{[/v1/workinfos/{orderInfoId}],methods=[POST]}" onto public com.firstTaste.crm.entity.WorkInfoEntity com.firstTaste.crm.controller.restful.WorkInfoController.createByOrderInfo(java.lang.String)
2017-07-02 00:38:20 [main] INFO  o.s.w.s.m.m.a.RequestMappingHandlerMapping  - Mapped "{[/error]}" onto public org.springframework.http.ResponseEntity<java.util.Map<java.lang.String, java.lang.Object>> org.springframework.boot.autoconfigure.web.BasicErrorController.error(javax.servlet.http.HttpServletRequest)
2017-07-02 00:38:20 [main] INFO  o.s.w.s.m.m.a.RequestMappingHandlerMapping  - Mapped "{[/error],produces=[text/html]}" onto public org.springframework.web.servlet.ModelAndView org.springframework.boot.autoconfigure.web.BasicErrorController.errorHtml(javax.servlet.http.HttpServletRequest,javax.servlet.http.HttpServletResponse)
2017-07-02 00:38:20 [main] INFO  o.s.w.s.h.SimpleUrlHandlerMapping  - Mapped URL path [/webjars/**] onto handler of type [class org.springframework.web.servlet.resource.ResourceHttpRequestHandler]
2017-07-02 00:38:20 [main] INFO  o.s.w.s.h.SimpleUrlHandlerMapping  - Mapped URL path [/**] onto handler of type [class org.springframework.web.servlet.resource.ResourceHttpRequestHandler]
2017-07-02 00:38:20 [main] INFO  o.s.w.s.h.SimpleUrlHandlerMapping  - Mapped URL path [/**/favicon.ico] onto handler of type [class org.springframework.web.servlet.resource.ResourceHttpRequestHandler]
2017-07-02 00:38:21 [main] INFO  o.s.j.e.a.AnnotationMBeanExporter  - Registering beans for JMX exposure on startup
2017-07-02 00:38:21 [main] INFO  o.s.j.e.a.AnnotationMBeanExporter  - Bean with name 'dataSource' has been autodetected for JMX exposure
2017-07-02 00:38:21 [main] INFO  o.s.j.e.a.AnnotationMBeanExporter  - Located MBean 'dataSource': registering with JMX server as MBean [com.alibaba.druid.pool:name=dataSource,type=DruidDataSource]
2017-07-02 00:38:21 [main] INFO  o.a.coyote.http11.Http11NioProtocol  - Initializing ProtocolHandler ["http-nio-8080"]
2017-07-02 00:38:21 [main] INFO  o.a.coyote.http11.Http11NioProtocol  - Starting ProtocolHandler [http-nio-8080]
2017-07-02 00:38:21 [main] INFO  o.a.tomcat.util.net.NioSelectorPool  - Using a shared selector for servlet write/read
2017-07-02 00:38:21 [main] INFO  o.s.b.c.e.t.TomcatEmbeddedServletContainer  - Tomcat started on port(s): 8080 (http)
2017-07-02 00:38:21 [main] INFO  com.firstTaste.crm.ServerStarter  - Started ServerStarter in 7.565 seconds (JVM running for 13.461)
